[15:17:18] [ServerMain/INFO]: Environment: Environment[sessionHost=https://sessionserver.mojang.com, servicesHost=https://api.minecraftservices.com, name=PROD]
[15:17:19] [ServerMain/INFO]: No existing world data, creating new world
[15:17:20] [ServerMain/INFO]: Loaded 1290 recipes
[15:17:20] [ServerMain/INFO]: Loaded 1399 advancements
[15:17:20] [Server thread/INFO]: Starting minecraft server version 1.21
[15:17:20] [Server thread/INFO]: Loading properties
[15:17:20] [Server thread/INFO]: Default game type: SURVIVAL
[15:17:20] [Server thread/INFO]: Generating keypair
[15:17:21] [Server thread/INFO]: Starting Minecraft server on *:25565
[15:17:21] [Server thread/INFO]: Using epoll channel type
[15:17:21] [Server thread/WARN]: **** SERVER IS RUNNING IN OFFLINE/INSECURE MODE!
[15:17:21] [Server thread/WARN]: The server will make no attempt to authenticate usernames. Beware.
[15:17:21] [Server thread/WARN]: While this makes the game possible to play without internet access, it also opens up the ability for hackers to connect with any username they choose.
[15:17:21] [Server thread/WARN]: To change this, set "online-mode" to "true" in the server.properties file.
[15:17:21] [Server thread/INFO]: Preparing level "world"
[15:17:26] [Server thread/INFO]: Preparing start region for dimension minecraft:overworld
[15:17:26] [Worker-Main-3/INFO]: Preparing spawn area: 2%
[15:17:27] [Worker-Main-2/INFO]: Preparing spawn area: 2%
[15:17:27] [Worker-Main-1/INFO]: Preparing spawn area: 2%
[15:17:28] [Worker-Main-3/INFO]: Preparing spawn area: 2%
[15:17:29] [Worker-Main-1/INFO]: Preparing spawn area: 18%
[15:17:29] [Worker-Main-1/INFO]: Preparing spawn area: 18%
[15:17:29] [Worker-Main-3/INFO]: Preparing spawn area: 18%
[15:17:30] [Worker-Main-3/INFO]: Preparing spawn area: 18%
[15:17:30] [Worker-Main-2/INFO]: Preparing spawn area: 18%
[15:17:31] [Worker-Main-1/INFO]: Preparing spawn area: 42%
[15:17:31] [Worker-Main-2/INFO]: Preparing spawn area: 51%
[15:17:32] [Worker-Main-3/INFO]: Preparing spawn area: 51%
[15:17:32] [Server thread/INFO]: Time elapsed: 6035 ms
[15:17:32] [Server thread/INFO]: Done (11.605s)! For help, type "help"
[15:17:32] [Server thread/INFO]: Unknown or incomplete command, see below for error
[15:17:32] [Server thread/INFO]: 2<--[HERE]
